ROUND 0 -------------------------------------
I choose 0
list of infected = 5 | 1 | 3 | 4 | 0 | 6 | 
SEND VALUE PHASE -------------------------------------------------
received values = 0 | 1 | 1 | 0 | 1 | 0 | 0 | 
My value now is 1
SEND MV PHASE -------------------------------------------------
received arrays from all processes:
0 | 1 | 1 | 0 | 1 | 0 | 0 | 
0 | 1 | 1 | 0 | 1 | 0 | 0 | 
0 | 1 | 1 | 0 | 1 | 1 | 0 | 
0 | 1 | 1 | 0 | 1 | -1 | 0 | 
0 | 1 | 1 | 0 | 1 | 1 | 0 | 
0 | 0 | -1 | 0 | -1 | -1 | 0 | 
0 | 1 | 1 | 0 | 1 | -1 | 0 | 
king of round is 1
KING SEND PHASE -------------------------------------------------
king sent = 1
My value now is 1
ROUND 1 -------------------------------------
list of infected = 5 | 4 | 0 | 1 | 3 | 6 | 
SEND VALUE PHASE -------------------------------------------------
received values = 1 | 1 | 1 | 1 | 1 | -1 | 1 | 
My value now is 1
SEND MV PHASE -------------------------------------------------
received arrays from all processes:
1 | 1 | 1 | 1 | 1 | -1 | 1 | 
1 | 1 | 1 | 1 | 1 | -1 | 1 | 
1 | 1 | 1 | 1 | 1 | -1 | 1 | 
1 | 1 | 1 | 1 | 1 | -1 | 1 | 
1 | 1 | 1 | 1 | 1 | 1 | 1 | 
-1 | 0 | 1 | -1 | 0 | 1 | -1 | 
1 | 1 | 1 | 1 | 1 | -1 | 1 | 
king of round is 2
KING SEND PHASE -------------------------------------------------
king sent = 1
My value now is 1
ROUND 2 -------------------------------------
list of infected = 0 | 6 | 3 | 4 | 5 | 1 | 
SEND VALUE PHASE -------------------------------------------------
received values = -1 | 0 | -1 | 0 | -1 | -1 | 1 | 
My value now is 0
SEND MV PHASE -------------------------------------------------
received arrays from all processes:
-1 | 0 | 0 | 1 | 0 | -1 | -1 | 
-1 | 0 | 1 | 0 | 0 | -1 | -1 | 
0 | 1 | -1 | 1 | 1 | 0 | 0 | 
0 | 1 | 0 | 0 | 0 | -1 | -1 | 
-1 | -1 | -1 | 1 | 1 | 0 | 0 | 
1 | -1 | 1 | 1 | 1 | 0 | 0 | 
0 | 1 | -1 | -1 | 0 | -1 | 1 | 
king of round is 3
KING SEND PHASE -------------------------------------------------
king sent = -1
My value now is 0
ROUND 3 -------------------------------------
list of infected = 5 | 1 | 6 | 0 | 3 | 4 | 
SEND VALUE PHASE -------------------------------------------------
received values = 0 | 1 | 1 | 1 | 1 | -1 | 1 | 
My value now is 1
SEND MV PHASE -------------------------------------------------
received arrays from all processes:
0 | 1 | 1 | 1 | 1 | -1 | 1 | 
0 | 1 | 1 | 1 | 1 | 1 | 1 | 
0 | 1 | 1 | 1 | 1 | 0 | 1 | 
0 | 1 | 1 | 1 | 1 | 0 | 1 | 
0 | 1 | 1 | 1 | 1 | 1 | 1 | 
-1 | 0 | 1 | 0 | 0 | 0 | 0 | 
0 | 1 | 1 | 1 | 1 | -1 | 1 | 
I'm being cured
the resulting array from the table = 0 | 1 | 1 | 1 | 1 | -1 | 1 | 
My value is now = 1
king of round is 4
KING SEND PHASE -------------------------------------------------
king sent = 1
My value now is 1
ROUND 4 -------------------------------------
list of infected = 1 | 3 | 0 | 6 | 4 | 5 | 
SEND VALUE PHASE -------------------------------------------------
received values = 1 | 0 | 1 | 1 | 1 | 1 | 1 | 
My value now is 1
SEND MV PHASE -------------------------------------------------
received arrays from all processes:
1 | 0 | 1 | 1 | 1 | 1 | 1 | 
0 | 0 | 1 | -1 | 1 | -1 | 1 | 
1 | 0 | 1 | 1 | 1 | 1 | 1 | 
1 | 0 | 1 | 1 | 1 | 1 | 1 | 
1 | -1 | 1 | 1 | 1 | 1 | 1 | 
1 | 1 | 1 | 1 | 1 | 1 | 1 | 
1 | 1 | 1 | 1 | 1 | 1 | 1 | 
king of round is 5
KING SEND PHASE -------------------------------------------------
king sent = 1
My value now is 1
ROUND 5 -------------------------------------
list of infected = 0 | 6 | 1 | 5 | 3 | 4 | 
SEND VALUE PHASE -------------------------------------------------
received values = 0 | -1 | 1 | -1 | 1 | 1 | -1 | 
My value now is 1
SEND MV PHASE -------------------------------------------------
received arrays from all processes:
1 | 1 | -1 | 0 | -1 | -1 | -1 | 
0 | 1 | -1 | -1 | -1 | 1 | 0 | 
-1 | -1 | -1 | -1 | 0 | 1 | 1 | 
0 | -1 | 0 | 0 | 0 | 0 | 0 | 
0 | 1 | 1 | 0 | 0 | 0 | 1 | 
-1 | -1 | -1 | 0 | -1 | 0 | -1 | 
1 | -1 | 0 | -1 | 1 | 0 | -1 | 
king of round is 6
KING SEND PHASE -------------------------------------------------
king sent = 1
My value now is 1
ROUND 6 -------------------------------------
list of infected = 3 | 4 | 0 | 1 | 5 | 6 | 
SEND VALUE PHASE -------------------------------------------------
received values = 1 | 1 | 1 | 1 | 1 | 1 | 1 | 
My value now is 1
SEND MV PHASE -------------------------------------------------
received arrays from all processes:
1 | 1 | 1 | 1 | 1 | 1 | 1 | 
1 | 1 | 1 | 0 | 1 | 1 | 1 | 
1 | 1 | 1 | -1 | 1 | 1 | 1 | 
-1 | -1 | 1 | 0 | 1 | 1 | 0 | 
1 | 1 | 1 | -1 | 1 | 1 | 1 | 
1 | 1 | 1 | -1 | 1 | 1 | 1 | 
1 | 1 | 1 | -1 | 1 | 1 | 1 | 
I'm being cured
the resulting array from the table = 1 | 1 | 1 | -1 | 1 | 1 | 1 | 
My value is now = 1
king of round is 0
KING SEND PHASE -------------------------------------------------
king sent = 1
My value now is 1
ROUND 7 -------------------------------------
list of infected = 6 | 4 | 0 | 3 | 5 | 1 | 
SEND VALUE PHASE -------------------------------------------------
received values = 1 | 1 | 1 | 1 | 1 | 1 | 1 | 
My value now is 1
SEND MV PHASE -------------------------------------------------
received arrays from all processes:
1 | 1 | 1 | 1 | 1 | 1 | 1 | 
1 | 1 | 1 | 1 | 1 | 1 | -1 | 
1 | 1 | 1 | 1 | 1 | 1 | 1 | 
1 | 1 | 1 | 1 | 1 | 1 | 1 | 
1 | 1 | 1 | 1 | 1 | 1 | -1 | 
1 | 1 | 1 | 1 | 1 | 1 | 1 | 
0 | 1 | -1 | 0 | 0 | -1 | 0 | 
king of round is 1
KING SEND PHASE -------------------------------------------------
king sent = 1
My value now is 1
ROUND 8 -------------------------------------
list of infected = 1 | 4 | 3 | 6 | 0 | 5 | 
SEND VALUE PHASE -------------------------------------------------
received values = 1 | 0 | 1 | 1 | 1 | 1 | 0 | 
My value now is 1
SEND MV PHASE -------------------------------------------------
received arrays from all processes:
1 | 0 | 1 | 1 | 1 | 1 | 0 | 
0 | -1 | 0 | -1 | 1 | -1 | 1 | 
1 | 0 | 1 | 1 | 1 | 1 | 0 | 
1 | -1 | 1 | 1 | 1 | 1 | 0 | 
1 | -1 | 1 | 1 | 1 | 1 | 0 | 
1 | 0 | 1 | 1 | 1 | 1 | 0 | 
1 | 1 | 1 | 1 | 1 | 1 | 0 | 
king of round is 2
KING SEND PHASE -------------------------------------------------
king sent = 1
My value now is 1
ROUND 9 -------------------------------------
list of infected = 0 | 1 | 3 | 6 | 4 | 5 | 
SEND VALUE PHASE -------------------------------------------------
received values = 1 | -1 | 0 | 1 | -1 | -1 | 0 | 
My value now is 0
SEND MV PHASE -------------------------------------------------
received arrays from all processes:
0 | 1 | -1 | -1 | 0 | 0 | 0 | 
0 | 1 | 1 | -1 | 0 | 1 | -1 | 
-1 | 1 | 0 | 1 | -1 | -1 | -1 | 
-1 | 1 | 1 | 1 | -1 | 1 | -1 | 
0 | -1 | -1 | 1 | 1 | -1 | 1 | 
1 | 0 | 1 | 0 | 1 | -1 | 1 | 
0 | -1 | 0 | -1 | 0 | 1 | 0 | 
king of round is 3
KING SEND PHASE -------------------------------------------------
king sent = -1
My value now is 0
finished with value = 0
ROUND 0 -------------------------------------
I choose 0
list of infected = 5 | 1 | 3 | 4 | 0 | 6 | 
SEND VALUE PHASE -------------------------------------------------
